<?xml version="1.0" encoding="UTF-8"?>
<!-- Generated by org.testng.reporters.JUnitReportReporter -->
<testsuite hostname="DESKTOP-KPVRKRG" failures="0" tests="2" name="OMSTest.OMSTest" time="1.799" errors="0" timestamp="2022-04-11T17:16:08 IST" skipped="0">
  <testcase classname="OMSTest.OMSTest" name="OMSLoginTest" time="0.269"/>
  <system-out/>
  <testcase classname="OMSTest.OMSTest" name="OMSFindOrdersTest" time="1.530"/>
  <system-out/>
</testsuite> <!-- OMSTest.OMSTest -->
